# JRE version: OpenJDK Runtime Environment (11.0.13) (build 11.0.13+0-b1751.21-8125866)
# Java VM: OpenJDK 64-Bit Server VM (11.0.13+0-b1751.21-8125866, mixed mode, tiered, compressed oops, g1 gc, windows-amd64)
Heap:
 garbage-first heap   total 468992K, used 340991K [0x0000000080000000, 0x0000000100000000)
  region size 1024K, 80 young (81920K), 14 survivors (14336K)
 Metaspace       used 137538K, capacity 141291K, committed 144432K, reserved 1173504K
  class space    used 17056K, capacity 18470K, committed 19584K, reserved 1048576K
GC Heap History (20 events):
Event: 127.823 GC heap before
{Heap before GC invocations=76 (full 0):
 garbage-first heap   total 468992K, used 395939K [0x0000000080000000, 0x0000000100000000)
  region size 1024K, 235 young (240640K), 12 survivors (12288K)
 Metaspace       used 108859K, capacity 111661K, committed 112500K, reserved 1146880K
  class space    used 13649K, capacity 14717K, committed 14976K, reserved 1048576K
}
Event: 127.848 GC heap after
{Heap after GC invocations=77 (full 0):
 garbage-first heap   total 468992K, used 172707K [0x0000000080000000, 0x0000000100000000)
  region size 1024K, 16 young (16384K), 16 survivors (16384K)
 Metaspace       used 108859K, capacity 111661K, committed 112500K, reserved 1146880K
  class space    used 13649K, capacity 14717K, committed 14976K, reserved 1048576K
}
Event: 132.449 GC heap before
{Heap before GC invocations=78 (full 0):
 garbage-first heap   total 468992K, used 395939K [0x0000000080000000, 0x0000000100000000)
  region size 1024K, 235 young (240640K), 16 survivors (16384K)
 Metaspace       used 118686K, capacity 121630K, committed 121776K, reserved 1155072K
  class space    used 14908K, capacity 16058K, committed 16128K, reserved 1048576K
}
Event: 132.477 GC heap after
{Heap after GC invocations=79 (full 0):
 garbage-first heap   total 468992K, used 174456K [0x0000000080000000, 0x0000000100000000)
  region size 1024K, 20 young (20480K), 20 survivors (20480K)
 Metaspace       used 118686K, capacity 121630K, committed 121776K, reserved 1155072K
  class space    used 14908K, capacity 16058K, committed 16128K, reserved 1048576K
}
Event: 162.899 GC heap before
{Heap before GC invocations=79 (full 0):
 garbage-first heap   total 468992K, used 397688K [0x0000000080000000, 0x0000000100000000)
  region size 1024K, 237 young (242688K), 20 survivors (20480K)
 Metaspace       used 123096K, capacity 126464K, committed 126768K, reserved 1159168K
  class space    used 15437K, capacity 16704K, committed 16768K, reserved 1048576K
}
Event: 162.935 GC heap after
{Heap after GC invocations=80 (full 0):
 garbage-first heap   total 468992K, used 188878K [0x0000000080000000, 0x0000000100000000)
  region size 1024K, 25 young (25600K), 25 survivors (25600K)
 Metaspace       used 123096K, capacity 126464K, committed 126768K, reserved 1159168K
  class space    used 15437K, capacity 16704K, committed 16768K, reserved 1048576K
}
Event: 169.979 GC heap before
{Heap before GC invocations=80 (full 0):
 garbage-first heap   total 468992K, used 394702K [0x0000000080000000, 0x0000000100000000)
  region size 1024K, 225 young (230400K), 25 survivors (25600K)
 Metaspace       used 123539K, capacity 126919K, committed 127024K, reserved 1159168K
  class space    used 15469K, capacity 16754K, committed 16768K, reserved 1048576K
}
Event: 170.021 GC heap after
{Heap after GC invocations=81 (full 0):
 garbage-first heap   total 468992K, used 190742K [0x0000000080000000, 0x0000000100000000)
  region size 1024K, 18 young (18432K), 18 survivors (18432K)
 Metaspace       used 123539K, capacity 126919K, committed 127024K, reserved 1159168K
  class space    used 15469K, capacity 16754K, committed 16768K, reserved 1048576K
}
Event: 177.794 GC heap before
{Heap before GC invocations=81 (full 0):
 garbage-first heap   total 468992K, used 395542K [0x0000000080000000, 0x0000000100000000)
  region size 1024K, 219 young (224256K), 18 survivors (18432K)
 Metaspace       used 135153K, capacity 139413K, committed 139568K, reserved 1169408K
  class space    used 17097K, capacity 18732K, committed 18816K, reserved 1048576K
}
Event: 177.826 GC heap after
{Heap after GC invocations=82 (full 0):
 garbage-first heap   total 468992K, used 198889K [0x0000000080000000, 0x0000000100000000)
  region size 1024K, 13 young (13312K), 13 survivors (13312K)
 Metaspace       used 135153K, capacity 139413K, committed 139568K, reserved 1169408K
  class space    used 17097K, capacity 18732K, committed 18816K, reserved 1048576K
}
Event: 179.677 GC heap before
{Heap before GC invocations=82 (full 0):
 garbage-first heap   total 468992K, used 397545K [0x0000000080000000, 0x0000000100000000)
  region size 1024K, 206 young (210944K), 13 survivors (13312K)
 Metaspace       used 138190K, capacity 143019K, committed 143280K, reserved 1173504K
  class space    used 17588K, capacity 19439K, committed 19456K, reserved 1048576K
}
Event: 179.696 GC heap after
{Heap after GC invocations=83 (full 0):
 garbage-first heap   total 468992K, used 209454K [0x0000000080000000, 0x0000000100000000)
  region size 1024K, 23 young (23552K), 23 survivors (23552K)
 Metaspace       used 138190K, capacity 143019K, committed 143280K, reserved 1173504K
  class space    used 17588K, capacity 19439K, committed 19456K, reserved 1048576K
}
Event: 180.566 GC heap before
{Heap before GC invocations=83 (full 0):
 garbage-first heap   total 468992K, used 392750K [0x0000000080000000, 0x0000000100000000)
  region size 1024K, 203 young (207872K), 23 survivors (23552K)
 Metaspace       used 138509K, capacity 143346K, committed 143664K, reserved 1173504K
  class space    used 17612K, capacity 19475K, committed 19584K, reserved 1048576K
}
Event: 180.619 GC heap after
{Heap after GC invocations=84 (full 0):
 garbage-first heap   total 468992K, used 233282K [0x0000000080000000, 0x0000000100000000)
  region size 1024K, 26 young (26624K), 26 survivors (26624K)
 Metaspace       used 138509K, capacity 143346K, committed 143664K, reserved 1173504K
  class space    used 17612K, capacity 19475K, committed 19584K, reserved 1048576K
}
Event: 181.343 GC heap before
{Heap before GC invocations=84 (full 0):
 garbage-first heap   total 468992K, used 381762K [0x0000000080000000, 0x0000000100000000)
  region size 1024K, 172 young (176128K), 26 survivors (26624K)
 Metaspace       used 138769K, capacity 143693K, committed 143920K, reserved 1173504K
  class space    used 17614K, capacity 19477K, committed 19584K, reserved 1048576K
}
Event: 181.394 GC heap after
{Heap after GC invocations=85 (full 0):
 garbage-first heap   total 468992K, used 249687K [0x0000000080000000, 0x0000000100000000)
  region size 1024K, 20 young (20480K), 20 survivors (20480K)
 Metaspace       used 138769K, capacity 143693K, committed 143920K, reserved 1173504K
  class space    used 17614K, capacity 19477K, committed 19584K, reserved 1048576K
}
Event: 181.916 GC heap before
{Heap before GC invocations=85 (full 0):
 garbage-first heap   total 468992K, used 381783K [0x0000000080000000, 0x0000000100000000)
  region size 1024K, 150 young (153600K), 20 survivors (20480K)
 Metaspace       used 139092K, capacity 143976K, committed 144176K, reserved 1173504K
  class space    used 17625K, capacity 19481K, committed 19584K, reserved 1048576K
}
Event: 181.987 GC heap after
{Heap after GC invocations=86 (full 0):
 garbage-first heap   total 468992K, used 263072K [0x0000000080000000, 0x0000000100000000)
  region size 1024K, 15 young (15360K), 15 survivors (15360K)
 Metaspace       used 139092K, capacity 143976K, committed 144176K, reserved 1173504K
  class space    used 17625K, capacity 19481K, committed 19584K, reserved 1048576K
}
Event: 182.572 GC heap before
{Heap before GC invocations=86 (full 0):
 garbage-first heap   total 468992K, used 385952K [0x0000000080000000, 0x0000000100000000)
  region size 1024K, 136 young (139264K), 15 survivors (15360K)
 Metaspace       used 137518K, capacity 141288K, committed 144432K, reserved 1173504K
  class space    used 17051K, capacity 18470K, committed 19584K, reserved 1048576K
}
Event: 182.620 GC heap after
{Heap after GC invocations=87 (full 0):
 garbage-first heap   total 468992K, used 275456K [0x0000000080000000, 0x0000000100000000)
  region size 1024K, 14 young (14336K), 14 survivors (14336K)
 Metaspace       used 137518K, capacity 141288K, committed 144432K, reserved 1173504K
  class space    used 17051K, capacity 18470K, committed 19584K, reserved 1048576K
}

